2022-04-30 16:16:00 INFO  SauceDemo:35 - Opening Url : https://www.saucedemo.com/
  2022-04-30 16:18:05 INFO  SauceDemo:35 - Opening Url : https://www.saucedemo.com/
  2022-04-30 16:18:09 INFO  SauceDemo:14 - Entering Username and Password
  2022-04-30 16:18:09 INFO  SauceDemo:17 - Clicking Login Button
  2022-04-30 16:18:10 INFO  SauceDemo:26 - Login Successfull with Valid User Credential - Test Pass
  2022-04-30 16:18:10 INFO  SauceDemo:43 - Quiting Browser....
  2022-04-30 16:22:40 INFO  SauceDemo:35 - Opening Url : https://www.saucedemo.com/
  2022-04-30 16:22:44 INFO  SauceDemo:16 - Entering Username and Password
  2022-04-30 16:22:44 INFO  SauceDemo:19 - Clicking Login Button
  2022-04-30 16:22:44 INFO  SauceDemo:28 - Login Successfull with Valid User Credential - Test Pass
  2022-04-30 16:22:44 INFO  SauceDemo:43 - Quiting Browser....
  2022-04-30 17:29:11 INFO  SauceDemo:40 - Opening Url : https://www.saucedemo.com/
  2022-04-30 17:29:13 INFO  SauceDemo:19 - Entering Username and Password
  2022-04-30 17:29:13 INFO  SauceDemo:22 - Clicking Login Button
  2022-04-30 17:29:13 INFO  SauceDemo:31 - Login Successfull with Valid User Credential - Test Pass
  2022-04-30 17:29:15 INFO  SauceDemo:48 - Quiting Browser....
  2022-04-30 17:31:56 INFO  SauceDemo:40 - Opening Url : https://www.saucedemo.com/
  2022-04-30 17:32:00 INFO  SauceDemo:19 - Entering Username and Password
  2022-04-30 17:32:00 INFO  SauceDemo:22 - Clicking Login Button
  2022-04-30 17:32:06 INFO  SauceDemo:38 - Unable to login - Test Failed
  2022-04-30 17:32:06 INFO  SauceDemo:58 - Screenshot Taken
  2022-04-30 17:32:06 INFO  SauceDemo:48 - Quiting Browser....
  2022-04-30 17:36:57 INFO  SauceDemo:40 - Opening Url : https://www.saucedemo.com/
  2022-04-30 17:37:00 INFO  SauceDemo:19 - Entering Username and Password
  2022-04-30 17:37:01 INFO  SauceDemo:22 - Clicking Login Button
  2022-04-30 17:37:06 INFO  SauceDemo:38 - Unable to login - Test Failed
  2022-04-30 17:37:06 INFO  SauceDemo:58 - Screenshot Taken
  2022-04-30 17:37:07 INFO  SauceDemo:48 - Quiting Browser....
  2022-04-30 19:10:37 INFO  SauceDemo:40 - Opening Url : https://www.saucedemo.com/
  2022-04-30 19:10:39 INFO  SauceDemo:19 - Entering Username and Password
  2022-04-30 19:10:40 INFO  SauceDemo:22 - Clicking Login Button
  2022-04-30 19:10:46 INFO  SauceDemo:38 - Unable to login - Test Failed
  2022-04-30 19:10:46 INFO  SauceDemo:58 - Screenshot Taken
  2022-04-30 19:10:47 INFO  SauceDemo:48 - Quiting Browser....
  2022-04-30 19:36:06 INFO  SauceDemo:40 - Opening Url : https://www.saucedemo.com/
  2022-04-30 19:36:10 INFO  SauceDemo:19 - Entering Username and Password
  2022-04-30 19:36:11 INFO  SauceDemo:22 - Clicking Login Button
  2022-04-30 19:36:16 INFO  SauceDemo:38 - Unable to login - Test Failed
  2022-04-30 19:36:16 INFO  SauceDemo:58 - Screenshot Taken
  2022-04-30 19:36:17 INFO  SauceDemo:48 - Quiting Browser....
  2022-04-30 19:38:17 INFO  SauceDemo:40 - Opening Url : https://www.saucedemo.com/
  2022-04-30 19:39:12 INFO  SauceDemo:40 - Opening Url : https://www.saucedemo.com/
  2022-04-30 19:39:33 INFO  SauceDemo:19 - Entering Username and Password
  2022-04-30 19:39:39 INFO  SauceDemo:48 - Quiting Browser....
  2022-04-30 19:40:09 INFO  SauceDemo:40 - Opening Url : https://www.saucedemo.com/
  2022-04-30 19:40:11 INFO  SauceDemo:19 - Entering Username and Password
  2022-04-30 19:40:11 INFO  SauceDemo:22 - Clicking Login Button
  2022-04-30 19:40:16 INFO  SauceDemo:38 - Unable to login - Test Failed
  2022-04-30 19:40:17 INFO  SauceDemo:58 - Screenshot Taken
  2022-04-30 19:40:17 INFO  SauceDemo:48 - Quiting Browser....
  2022-05-01 10:36:05 INFO  SauceDemo:40 - Opening Url : https://www.saucedemo.com/
  2022-05-01 10:36:10 INFO  SauceDemo:17 - Entering Username and Password
  2022-05-01 10:36:11 INFO  SauceDemo:20 - Clicking Login Button
  2022-05-01 10:36:12 INFO  SauceDemo:29 - Login Successfull with Valid User Credential - Test Pass
  2022-05-01 10:36:15 INFO  SauceDemo:48 - Quiting Browser....
  2022-05-01 10:37:09 INFO  SauceDemo:40 - Opening Url : https://www.saucedemo.com/
  2022-05-01 10:37:13 INFO  SauceDemo:17 - Entering Username and Password
  2022-05-01 10:37:13 INFO  SauceDemo:20 - Clicking Login Button
  2022-05-01 10:37:14 INFO  SauceDemo:29 - Login Successfull with Valid User Credential - Test Pass
  2022-05-01 10:37:14 INFO  SauceDemo:17 - Entering Username and Password
  2022-05-01 10:37:19 INFO  SauceDemo:17 - Entering Username and Password
  2022-05-01 10:37:24 INFO  SauceDemo:48 - Quiting Browser....
  2022-05-01 11:27:34 INFO  SauceDemo:44 - Opening Url : https://www.saucedemo.com/
  2022-05-01 11:27:43 INFO  SauceDemo:19 - Entering Username and Password
  2022-05-01 11:27:43 INFO  SauceDemo:22 - Clicking Login Button
  2022-05-01 11:27:44 INFO  SauceDemo:31 - Login Successfull with Valid User Credential - Test Pass
  2022-05-01 11:27:45 INFO  SauceDemo:19 - Entering Username and Password
  2022-05-01 11:27:45 INFO  SauceDemo:22 - Clicking Login Button
  2022-05-01 11:27:50 INFO  SauceDemo:39 - Unable to login - Test Failed
  2022-05-01 11:27:50 INFO  SauceDemo:62 - Screenshot Taken
  2022-05-01 11:27:50 INFO  SauceDemo:19 - Entering Username and Password
  2022-05-01 11:27:51 INFO  SauceDemo:22 - Clicking Login Button
  2022-05-01 11:27:56 INFO  SauceDemo:39 - Unable to login - Test Failed
  2022-05-01 11:27:56 INFO  SauceDemo:62 - Screenshot Taken
  2022-05-01 11:27:56 INFO  SauceDemo:52 - Quiting Browser....
  2022-05-01 11:29:05 INFO  SauceDemo:44 - Opening Url : https://www.saucedemo.com/
  2022-05-01 11:29:08 INFO  SauceDemo:19 - Entering Username and Password
  2022-05-01 11:29:08 INFO  SauceDemo:22 - Clicking Login Button
  2022-05-01 11:29:08 INFO  SauceDemo:31 - Login Successfull with Valid User Credential - Test Pass
  2022-05-01 11:29:11 INFO  SauceDemo:19 - Entering Username and Password
  2022-05-01 11:29:11 INFO  SauceDemo:22 - Clicking Login Button
  2022-05-01 11:29:17 INFO  SauceDemo:39 - Unable to login - Test Failed
  2022-05-01 11:29:17 INFO  SauceDemo:62 - Screenshot Taken
  2022-05-01 11:29:17 INFO  SauceDemo:19 - Entering Username and Password
  2022-05-01 11:29:17 INFO  SauceDemo:22 - Clicking Login Button
  2022-05-01 11:29:22 INFO  SauceDemo:39 - Unable to login - Test Failed
  2022-05-01 11:29:22 INFO  SauceDemo:62 - Screenshot Taken
  2022-05-01 11:29:22 INFO  SauceDemo:52 - Quiting Browser....
  2022-05-01 11:33:03 INFO  SauceDemo:44 - Opening Url : https://www.saucedemo.com/
  2022-05-01 11:33:08 INFO  SauceDemo:52 - Quiting Browser....
  2022-05-01 11:35:03 INFO  SauceDemo:44 - Opening Url : https://www.saucedemo.com/
  2022-05-01 11:35:07 INFO  SauceDemo:19 - Entering Username and Password
  2022-05-01 11:35:07 INFO  SauceDemo:22 - Clicking Login Button
  2022-05-01 11:35:07 INFO  SauceDemo:60 - Test Data Error .. Please provide valid or invalid
  2022-05-01 11:35:09 INFO  SauceDemo:62 - Screenshot Taken
  2022-05-01 11:35:10 INFO  SauceDemo:19 - Entering Username and Password
  2022-05-01 11:35:15 INFO  SauceDemo:19 - Entering Username and Password
  2022-05-01 11:35:20 INFO  SauceDemo:52 - Quiting Browser....
  2022-05-01 11:39:09 INFO  SauceDemo:44 - Opening Url : https://www.saucedemo.com/
  2022-05-01 11:39:14 INFO  SauceDemo:19 - Entering Username and Password
  2022-05-01 11:39:14 INFO  SauceDemo:22 - Clicking Login Button
  2022-05-01 11:39:15 INFO  SauceDemo:60 - Test Data Error .. Please provide valid or invalid
  2022-05-01 11:39:15 INFO  SauceDemo:62 - Screenshot Taken
  2022-05-01 11:39:15 INFO  SauceDemo:19 - Entering Username and Password
  2022-05-01 11:39:21 INFO  SauceDemo:19 - Entering Username and Password
  2022-05-01 11:39:26 INFO  SauceDemo:52 - Quiting Browser....
  2022-05-01 11:43:36 INFO  SauceDemo:44 - Opening Url : https://www.saucedemo.com/
  2022-05-01 11:43:39 INFO  SauceDemo:19 - Entering Username and Password
  2022-05-01 11:43:39 INFO  SauceDemo:22 - Clicking Login Button
  2022-05-01 11:43:39 INFO  SauceDemo:31 - Login Successfull with Valid User Credential - Test Pass
  2022-05-01 11:43:40 INFO  SauceDemo:19 - Entering Username and Password
  2022-05-01 11:43:40 INFO  SauceDemo:22 - Clicking Login Button
  2022-05-01 11:43:40 INFO  SauceDemo:47 - Login Failed with InValid User Credential - Test Pass
  2022-05-01 11:43:40 INFO  SauceDemo:19 - Entering Username and Password
  2022-05-01 11:43:41 INFO  SauceDemo:22 - Clicking Login Button
  2022-05-01 11:43:41 INFO  SauceDemo:47 - Login Failed with InValid User Credential - Test Pass
  2022-05-01 11:43:41 INFO  SauceDemo:52 - Quiting Browser....
  2022-05-01 11:44:43 INFO  SauceDemo:44 - Opening Url : https://www.saucedemo.com/
  2022-05-01 11:44:46 INFO  SauceDemo:19 - Entering Username and Password
  2022-05-01 11:44:46 INFO  SauceDemo:22 - Clicking Login Button
  2022-05-01 11:44:46 INFO  SauceDemo:31 - Login Successfull with Valid User Credential - Test Pass
  2022-05-01 11:44:47 INFO  SauceDemo:33 - Logging out...
  2022-05-01 11:44:47 INFO  SauceDemo:19 - Entering Username and Password
  2022-05-01 11:44:47 INFO  SauceDemo:22 - Clicking Login Button
  2022-05-01 11:44:47 INFO  SauceDemo:48 - Login Failed with InValid User Credential - Test Pass
  2022-05-01 11:44:47 INFO  SauceDemo:19 - Entering Username and Password
  2022-05-01 11:44:48 INFO  SauceDemo:22 - Clicking Login Button
  2022-05-01 11:44:48 INFO  SauceDemo:48 - Login Failed with InValid User Credential - Test Pass
  2022-05-01 11:44:48 INFO  SauceDemo:52 - Quiting Browser....
  2022-05-01 11:45:32 INFO  SauceDemo:44 - Opening Url : https://www.saucedemo.com/
  2022-05-01 11:45:35 INFO  SauceDemo:19 - Entering Username and Password
  2022-05-01 11:45:35 INFO  SauceDemo:22 - Clicking Login Button
  2022-05-01 11:45:35 INFO  SauceDemo:31 - Login Successfull with Valid User Credential - Test Pass
  2022-05-01 11:45:36 INFO  SauceDemo:33 - Logging out...
  2022-05-01 11:45:37 INFO  SauceDemo:19 - Entering Username and Password
  2022-05-01 11:45:37 INFO  SauceDemo:22 - Clicking Login Button
  2022-05-01 11:45:42 INFO  SauceDemo:40 - Unable to login - Test Failed
  2022-05-01 11:45:42 INFO  SauceDemo:62 - Screenshot Taken
  2022-05-01 11:45:42 INFO  SauceDemo:19 - Entering Username and Password
  2022-05-01 11:45:43 INFO  SauceDemo:22 - Clicking Login Button
  2022-05-01 11:45:43 INFO  SauceDemo:48 - Login Failed with InValid User Credential - Test Pass
  2022-05-01 11:45:43 INFO  SauceDemo:52 - Quiting Browser....
  2022-05-01 11:58:17 INFO  SauceDemo:45 - Opening Url : https://www.saucedemo.com/
  2022-05-01 11:58:23 INFO  SauceDemo:19 - Entering Username and Password
  2022-05-01 11:58:24 INFO  SauceDemo:22 - Clicking Login Button
  2022-05-01 11:58:26 INFO  SauceDemo:31 - Login Successfull with Valid User Credential - Test Pass
  2022-05-01 11:58:27 INFO  SauceDemo:33 - Logging out...
  2022-05-01 11:58:27 INFO  SauceDemo:19 - Entering Username and Password
  2022-05-01 11:58:28 INFO  SauceDemo:22 - Clicking Login Button
  2022-05-01 11:58:33 INFO  SauceDemo:40 - Unable to login - Test Failed
  2022-05-01 11:58:33 INFO  SauceDemo:63 - Screenshot Taken
  2022-05-01 11:58:33 INFO  SauceDemo:19 - Entering Username and Password
  2022-05-01 11:58:34 INFO  SauceDemo:22 - Clicking Login Button
  2022-05-01 11:58:34 INFO  SauceDemo:48 - Login Failed with InValid User Credential - Test Pass
  2022-05-01 11:58:34 INFO  SauceDemo:53 - Quiting Browser....
  2022-05-01 12:00:41 INFO  SauceDemo:45 - Opening Url : https://www.saucedemo.com/
  2022-05-01 12:00:45 INFO  SauceDemo:73 - Getting Input Test Data from Excel File./src/test/java/com/saucedemo/testData/TestData.xlsx
  2022-05-01 12:00:53 INFO  SauceDemo:19 - Entering Username and Password
  2022-05-01 12:00:53 INFO  SauceDemo:22 - Clicking Login Button
  2022-05-01 12:00:54 INFO  SauceDemo:31 - Login Successfull with Valid User Credential - Test Pass
  2022-05-01 12:00:54 INFO  SauceDemo:33 - Logging out...
  2022-05-01 12:00:54 INFO  SauceDemo:19 - Entering Username and Password
  2022-05-01 12:00:55 INFO  SauceDemo:22 - Clicking Login Button
  2022-05-01 12:01:00 INFO  SauceDemo:40 - Unable to login - Test Failed
  2022-05-01 12:01:00 INFO  SauceDemo:63 - Screenshot Taken
  2022-05-01 12:01:00 INFO  SauceDemo:19 - Entering Username and Password
  2022-05-01 12:01:00 INFO  SauceDemo:22 - Clicking Login Button
  2022-05-01 12:01:00 INFO  SauceDemo:48 - Login Failed with InValid User Credential - Test Pass
  2022-05-01 12:01:00 INFO  SauceDemo:53 - Quiting Browser....
  2022-05-01 12:05:36 INFO  SauceDemo:45 - Opening Url : https://www.saucedemo.com/
  2022-05-01 12:05:38 INFO  SauceDemo:74 - Getting Input Test Data from Excel File./src/test/java/com/saucedemo/testData/TestData.xlsx
  2022-05-01 12:05:38 INFO  SauceDemo:53 - Quiting Browser....
  2022-05-01 15:07:51 INFO  SauceDemo:45 - Opening Url : https://www.saucedemo.com/
  2022-05-01 15:08:34 INFO  SauceDemo:45 - Opening Url : https://www.saucedemo.com/
  2022-05-01 15:08:38 INFO  SauceDemo:19 - Logging in ...
  2022-05-01 15:08:39 INFO  SauceDemo:26 - Adding Backpack to Cart.
  2022-05-01 15:08:40 INFO  SauceDemo:32 - The Selected Items are added to the cart
  2022-05-01 15:08:42 INFO  SauceDemo:53 - Quiting Browser....
  2022-05-01 15:58:05 INFO  SauceDemo:45 - Opening Url : https://www.saucedemo.com/
  2022-05-01 15:58:08 INFO  SauceDemo:74 - Getting Input Test Data from Excel File./src/test/java/com/saucedemo/testData/TestData.xlsx
  2022-05-01 15:58:15 INFO  SauceDemo:19 - Entering Username and Password
  2022-05-01 15:58:16 INFO  SauceDemo:22 - Clicking Login Button
  2022-05-01 15:58:16 INFO  SauceDemo:31 - Login Successfull with Valid User Credential - Test Pass
  2022-05-01 15:58:17 INFO  SauceDemo:33 - Logging out...
  2022-05-01 15:58:18 INFO  SauceDemo:19 - Entering Username and Password
  2022-05-01 15:58:18 INFO  SauceDemo:22 - Clicking Login Button
  2022-05-01 15:58:23 INFO  SauceDemo:40 - Unable to login - Test Failed
  2022-05-01 15:58:24 INFO  SauceDemo:63 - Screenshot Taken
  2022-05-01 15:58:24 INFO  SauceDemo:19 - Entering Username and Password
  2022-05-01 15:58:24 INFO  SauceDemo:22 - Clicking Login Button
  2022-05-01 15:58:24 INFO  SauceDemo:48 - Login Failed with InValid User Credential - Test Pass
  2022-05-01 15:58:24 INFO  SauceDemo:53 - Quiting Browser....
  2022-05-01 15:58:26 INFO  SauceDemo:45 - Opening Url : https://www.saucedemo.com/
  2022-05-01 15:58:28 INFO  SauceDemo:19 - Logging in ...
  2022-05-01 15:58:29 INFO  SauceDemo:26 - Adding Backpack to Cart.
  2022-05-01 15:58:29 INFO  SauceDemo:32 - The Selected Items are added to the cart
  2022-05-01 15:58:29 INFO  SauceDemo:53 - Quiting Browser....
  2022-05-01 17:09:58 INFO  SauceDemo:45 - Opening Url : https://www.saucedemo.com/
  2022-05-01 17:09:59 INFO  SauceDemo:74 - Getting Input Test Data from Excel File./src/test/java/com/saucedemo/testData/TestData.xlsx
  2022-05-01 17:10:07 INFO  SauceDemo:19 - Entering Username and Password
  2022-05-01 17:10:07 INFO  SauceDemo:22 - Clicking Login Button
  2022-05-01 17:10:08 INFO  SauceDemo:31 - Login Successfull with Valid User Credential - Test Pass
  2022-05-01 17:10:10 INFO  SauceDemo:33 - Logging out...
  2022-05-01 17:10:10 INFO  SauceDemo:19 - Entering Username and Password
  2022-05-01 17:10:11 INFO  SauceDemo:22 - Clicking Login Button
  2022-05-01 17:10:16 INFO  SauceDemo:40 - Unable to login - Test Failed
  2022-05-01 17:10:16 INFO  SauceDemo:63 - Screenshot Taken
  2022-05-01 17:10:16 INFO  SauceDemo:19 - Entering Username and Password
  2022-05-01 17:10:16 INFO  SauceDemo:22 - Clicking Login Button
  2022-05-01 17:10:16 INFO  SauceDemo:48 - Login Failed with InValid User Credential - Test Pass
  2022-05-01 17:10:16 INFO  SauceDemo:53 - Quiting Browser....
  2022-05-01 17:10:20 INFO  SauceDemo:45 - Opening Url : https://www.saucedemo.com/
  2022-05-01 17:10:22 INFO  SauceDemo:19 - Logging in ...
  2022-05-01 17:10:22 INFO  SauceDemo:27 - Adding Backpack to Cart.
  2022-05-01 17:10:23 INFO  SauceDemo:34 - The Selected Items are added to the cart
  2022-05-01 17:10:23 INFO  SauceDemo:44 - Navigate to Cart...
  2022-05-01 17:10:23 INFO  SauceDemo:48 - Removing items from the cart ...
  2022-05-01 17:10:23 INFO  SauceDemo:53 - Quiting Browser....
  2022-05-01 17:11:44 INFO  SauceDemo:45 - Opening Url : https://www.saucedemo.com/
  2022-05-01 17:11:45 INFO  SauceDemo:19 - Logging in ...
  2022-05-01 17:11:46 INFO  SauceDemo:27 - Adding Backpack to Cart.
  2022-05-01 17:11:46 INFO  SauceDemo:34 - The Selected Items are added to the cart
  2022-05-01 17:11:46 INFO  SauceDemo:44 - Navigate to Cart...
  2022-05-01 17:11:46 INFO  SauceDemo:48 - Removing items from the cart ...
  2022-05-01 17:11:47 INFO  SauceDemo:53 - Quiting Browser....
  2022-05-01 17:16:47 INFO  SauceDemo:45 - Opening Url : https://www.saucedemo.com/
  2022-05-01 17:16:48 INFO  SauceDemo:19 - Logging in ...
  2022-05-01 17:16:49 INFO  SauceDemo:27 - Adding Backpack to Cart.
  2022-05-01 17:16:49 INFO  SauceDemo:34 - The Selected Items are added to the cart
  2022-05-01 17:16:49 INFO  SauceDemo:44 - Navigate to Cart...
  2022-05-01 17:16:49 INFO  SauceDemo:48 - Removing items from the cart ...
  2022-05-01 17:16:50 INFO  SauceDemo:53 - Quiting Browser....
  2022-05-01 17:18:48 INFO  SauceDemo:45 - Opening Url : https://www.saucedemo.com/
  2022-05-01 17:18:50 INFO  SauceDemo:19 - Logging in ...
  2022-05-01 17:18:50 INFO  SauceDemo:27 - Adding Backpack to Cart.
  2022-05-01 17:18:51 INFO  SauceDemo:34 - The Selected Items are added to the cart
  2022-05-01 17:18:51 INFO  SauceDemo:44 - Navigate to Cart...
  2022-05-01 17:18:52 INFO  SauceDemo:48 - Removing items from the cart ...
  2022-05-01 17:18:58 INFO  SauceDemo:53 - Quiting Browser....
  2022-05-01 17:20:23 INFO  SauceDemo:45 - Opening Url : https://www.saucedemo.com/
  2022-05-01 17:20:25 INFO  SauceDemo:19 - Logging in ...
  2022-05-01 17:20:25 INFO  SauceDemo:27 - Adding Backpack to Cart.
  2022-05-01 17:20:26 INFO  SauceDemo:34 - The Selected Items are added to the cart
  2022-05-01 17:20:26 INFO  SauceDemo:44 - Navigate to Cart...
  2022-05-01 17:20:26 INFO  SauceDemo:48 - Removing items from the cart ...
  2022-05-01 17:20:36 INFO  SauceDemo:54 - Quiting Browser....
  2022-05-01 17:21:24 INFO  SauceDemo:45 - Opening Url : https://www.saucedemo.com/
  2022-05-01 17:21:26 INFO  SauceDemo:19 - Logging in ...
  2022-05-01 17:21:27 INFO  SauceDemo:27 - Adding Backpack to Cart.
  2022-05-01 17:21:30 INFO  SauceDemo:35 - The Selected Items are added to the cart
  2022-05-01 17:21:30 INFO  SauceDemo:45 - Navigate to Cart...
  2022-05-01 17:21:30 INFO  SauceDemo:49 - Removing items from the cart ...
  2022-05-01 17:21:40 INFO  SauceDemo:54 - Quiting Browser....
  2022-05-01 17:27:33 INFO  SauceDemo:45 - Opening Url : https://www.saucedemo.com/
  2022-05-01 17:27:35 INFO  SauceDemo:19 - Logging in ...
  2022-05-01 17:27:35 INFO  SauceDemo:27 - Adding Backpack to Cart.
  2022-05-01 17:27:39 INFO  SauceDemo:35 - The Selected Items are added to the cart
  2022-05-01 17:27:39 INFO  SauceDemo:45 - Navigate to Cart...
  2022-05-01 17:27:39 INFO  SauceDemo:49 - Removing items from the cart ...
  2022-05-01 17:27:49 INFO  SauceDemo:55 - Removed all items from the cart ...
  2022-05-01 17:27:49 INFO  SauceDemo:64 - Go Back to Shopping Page
  2022-05-01 17:27:50 INFO  SauceDemo:54 - Quiting Browser....
  2022-05-01 17:29:01 INFO  SauceDemo:45 - Opening Url : https://www.saucedemo.com/
  2022-05-01 17:29:02 INFO  SauceDemo:19 - Logging in ...
  2022-05-01 17:29:03 INFO  SauceDemo:27 - Adding Backpack to Cart.
  2022-05-01 17:29:06 INFO  SauceDemo:35 - The Selected Items are added to the cart
  2022-05-01 17:29:06 INFO  SauceDemo:45 - Navigate to Cart...
  2022-05-01 17:29:09 INFO  SauceDemo:49 - Removing items from the cart ...
  2022-05-01 17:29:20 INFO  SauceDemo:55 - Removed all items from the cart ...
  2022-05-01 17:29:20 INFO  SauceDemo:64 - Go Back to Shopping Page
  2022-05-01 17:29:21 INFO  SauceDemo:54 - Quiting Browser....
  2022-05-01 17:30:08 INFO  SauceDemo:45 - Opening Url : https://www.saucedemo.com/
  2022-05-01 17:30:09 INFO  SauceDemo:19 - Logging in ...
  2022-05-01 17:30:09 INFO  SauceDemo:27 - Adding Backpack to Cart.
  2022-05-01 17:30:13 INFO  SauceDemo:35 - The Selected Items are added to the cart
  2022-05-01 17:30:13 INFO  SauceDemo:45 - Navigate to Cart...
  2022-05-01 17:30:16 INFO  SauceDemo:49 - Removing items from the cart ...
  2022-05-01 17:30:26 INFO  SauceDemo:55 - Removed all items from the cart ...
  2022-05-01 17:30:26 INFO  SauceDemo:64 - Go Back to Shopping Page
  2022-05-01 17:30:29 INFO  SauceDemo:54 - Quiting Browser....
  2022-05-01 17:30:53 INFO  SauceDemo:45 - Opening Url : https://www.saucedemo.com/
  2022-05-01 17:30:55 INFO  SauceDemo:19 - Logging in ...
  2022-05-01 17:30:55 INFO  SauceDemo:27 - Adding Backpack to Cart.
  2022-05-01 17:30:59 INFO  SauceDemo:35 - The Selected Items are added to the cart
  2022-05-01 17:30:59 INFO  SauceDemo:45 - Navigate to Cart...
  2022-05-01 17:31:02 INFO  SauceDemo:49 - Removing items from the cart ...
  2022-05-01 17:31:02 INFO  SauceDemo:59 - Items not removed from the cart ...Test Failed
  2022-05-01 17:31:02 INFO  SauceDemo:64 - Screenshot Taken
  2022-05-01 17:31:02 INFO  SauceDemo:54 - Quiting Browser....
  2022-05-01 17:32:26 INFO  SauceDemo:45 - Opening Url : https://www.saucedemo.com/
  2022-05-01 17:32:27 INFO  SauceDemo:19 - Logging in ...
  2022-05-01 17:32:28 INFO  SauceDemo:27 - Adding Backpack to Cart.
  2022-05-01 17:32:31 INFO  SauceDemo:35 - The Selected Items are added to the cart
  2022-05-01 17:32:31 INFO  SauceDemo:45 - Navigate to Cart...
  2022-05-01 17:32:34 INFO  SauceDemo:49 - Removing items from the cart ...
  2022-05-01 17:32:34 INFO  SauceDemo:59 - Items not removed from the cart ...Test Failed
  2022-05-01 17:32:35 INFO  SauceDemo:64 - Screenshot Taken
  2022-05-01 17:32:35 INFO  SauceDemo:54 - Quiting Browser....
  2022-05-01 17:33:37 INFO  SauceDemo:45 - Opening Url : https://www.saucedemo.com/
  2022-05-01 17:33:39 INFO  SauceDemo:19 - Logging in ...
  2022-05-01 17:33:39 INFO  SauceDemo:27 - Adding Backpack to Cart.
  2022-05-01 17:33:42 INFO  SauceDemo:35 - The Selected Items are added to the cart
  2022-05-01 17:33:42 INFO  SauceDemo:45 - Navigate to Cart...
  2022-05-01 17:33:46 INFO  SauceDemo:49 - Removing items from the cart ...
  2022-05-01 17:33:46 INFO  SauceDemo:59 - Items not removed from the cart ...Test Failed
  2022-05-01 17:33:46 INFO  SauceDemo:64 - Screenshot Taken
  2022-05-01 17:33:46 INFO  SauceDemo:54 - Quiting Browser....
  2022-05-01 17:35:48 INFO  SauceDemo:45 - Opening Url : https://www.saucedemo.com/
  2022-05-01 17:35:50 INFO  SauceDemo:19 - Logging in ...
  2022-05-01 17:35:50 INFO  SauceDemo:27 - Adding Backpack to Cart.
  2022-05-01 17:35:51 INFO  SauceDemo:35 - The Selected Items are added to the cart
  2022-05-01 17:35:51 INFO  SauceDemo:45 - Navigate to Cart...
  2022-05-01 17:35:51 INFO  SauceDemo:49 - Removing items from the cart ...
  2022-05-01 17:35:51 INFO  SauceDemo:59 - Items not removed from the cart ...Test Failed
  2022-05-01 17:35:51 INFO  SauceDemo:64 - Screenshot Taken
  2022-05-01 17:35:52 INFO  SauceDemo:54 - Quiting Browser....
  2022-05-01 17:37:58 INFO  SauceDemo:45 - Opening Url : https://www.saucedemo.com/
  2022-05-01 17:38:02 INFO  SauceDemo:17 - Logging in ...
  2022-05-01 17:38:02 INFO  SauceDemo:25 - Adding Backpack to Cart.
  2022-05-01 17:38:03 INFO  SauceDemo:33 - The Selected Items are added to the cart
  2022-05-01 17:38:03 INFO  SauceDemo:43 - Navigate to Cart...
  2022-05-01 17:38:03 INFO  SauceDemo:47 - Removing items from the cart ...
  2022-05-01 17:38:13 INFO  SauceDemo:53 - Removed all items from the cart ...
  2022-05-01 17:38:13 INFO  SauceDemo:62 - Go Back to Shopping Page
  2022-05-01 17:38:14 INFO  SauceDemo:54 - Quiting Browser....
  2022-05-01 18:55:29 INFO  SauceDemo:45 - Opening Url : https://www.saucedemo.com/
  2022-05-01 18:55:30 INFO  SauceDemo:17 - Logging in ...
  2022-05-01 18:55:31 INFO  SauceDemo:25 - Adding Backpack to Cart.
  2022-05-01 18:55:31 INFO  SauceDemo:33 - The Selected Items are added to the cart
  2022-05-01 18:55:31 INFO  SauceDemo:43 - Navigate to Cart...
  2022-05-01 18:55:31 INFO  SauceDemo:47 - Removing items from the cart ...
  2022-05-01 18:55:42 INFO  SauceDemo:53 - Removed all items from the cart ...
  2022-05-01 18:55:42 INFO  SauceDemo:62 - Go Back to Shopping Page
  2022-05-01 18:55:43 INFO  SauceDemo:54 - Quiting Browser....
  2022-05-01 18:56:05 INFO  SauceDemo:45 - Opening Url : https://www.saucedemo.com/
  2022-05-01 18:56:07 INFO  SauceDemo:74 - Getting Input Test Data from Excel File./src/test/java/com/saucedemo/testData/TestData.xlsx
  2022-05-01 18:56:09 INFO  SauceDemo:19 - Entering Username and Password
  2022-05-01 18:56:09 INFO  SauceDemo:22 - Clicking Login Button
  2022-05-01 18:56:09 INFO  SauceDemo:31 - Login Successfull with Valid User Credential - Test Pass
  2022-05-01 18:56:10 INFO  SauceDemo:33 - Logging out...
  2022-05-01 18:56:11 INFO  SauceDemo:19 - Entering Username and Password
  2022-05-01 18:56:11 INFO  SauceDemo:22 - Clicking Login Button
  2022-05-01 18:56:21 INFO  SauceDemo:40 - Unable to login - Test Failed
  2022-05-01 18:56:21 INFO  SauceDemo:64 - Screenshot Taken
  2022-05-01 18:56:21 INFO  SauceDemo:19 - Entering Username and Password
  2022-05-01 18:56:22 INFO  SauceDemo:22 - Clicking Login Button
  2022-05-01 18:56:22 INFO  SauceDemo:48 - Login Failed with InValid User Credential - Test Pass
  2022-05-01 18:56:22 INFO  SauceDemo:54 - Quiting Browser....
  2022-05-01 18:56:23 INFO  SauceDemo:45 - Opening Url : https://www.saucedemo.com/
  2022-05-01 18:56:25 INFO  SauceDemo:17 - Logging in ...
  2022-05-01 18:56:26 INFO  SauceDemo:25 - Adding Backpack to Cart.
  2022-05-01 18:56:26 INFO  SauceDemo:33 - The Selected Items are added to the cart
  2022-05-01 18:56:26 INFO  SauceDemo:43 - Navigate to Cart...
  2022-05-01 18:56:26 INFO  SauceDemo:47 - Removing items from the cart ...
  2022-05-01 18:56:36 INFO  SauceDemo:53 - Removed all items from the cart ...
  2022-05-01 18:56:36 INFO  SauceDemo:62 - Go Back to Shopping Page
  2022-05-01 18:56:37 INFO  SauceDemo:54 - Quiting Browser....
  2022-05-01 20:12:08 INFO  SauceDemo:48 - Opening Url : https://www.saucedemo.com/
  2022-05-01 20:12:15 INFO  SauceDemo:74 - Getting Input Test Data from Excel File./src/test/java/com/saucedemo/testData/TestData.xlsx
  2022-05-01 20:12:18 INFO  SauceDemo:19 - Entering Username and Password
  2022-05-01 20:12:19 INFO  SauceDemo:22 - Clicking Login Button
  2022-05-01 20:12:19 INFO  SauceDemo:31 - Login Successfull with Valid User Credential - Test Pass
  2022-05-01 20:12:19 INFO  SauceDemo:33 - Logging out...
  2022-05-01 20:12:20 INFO  SauceDemo:19 - Entering Username and Password
  2022-05-01 20:12:20 INFO  SauceDemo:22 - Clicking Login Button
  2022-05-01 20:12:20 INFO  SauceDemo:48 - Login Failed with InValid User Credential - Test Pass
  2022-05-01 20:12:20 INFO  SauceDemo:19 - Entering Username and Password
  2022-05-01 20:12:20 INFO  SauceDemo:22 - Clicking Login Button
  2022-05-01 20:12:21 INFO  SauceDemo:48 - Login Failed with InValid User Credential - Test Pass
  2022-05-01 20:12:21 INFO  SauceDemo:57 - Quiting Browser....
  2022-05-01 20:12:22 INFO  SauceDemo:48 - Opening Url : https://www.saucedemo.com/
  2022-05-01 20:12:25 INFO  SauceDemo:17 - Logging in ...
  2022-05-01 20:12:26 INFO  SauceDemo:25 - Adding Backpack to Cart.
  2022-05-01 20:12:26 INFO  SauceDemo:33 - The Selected Items are added to the cart
  2022-05-01 20:12:26 INFO  SauceDemo:43 - Navigate to Cart...
  2022-05-01 20:12:26 INFO  SauceDemo:47 - Removing items from the cart ...
  2022-05-01 20:12:36 INFO  SauceDemo:53 - Removed all items from the cart ...
  2022-05-01 20:12:36 INFO  SauceDemo:62 - Go Back to Shopping Page
  2022-05-01 20:12:37 INFO  SauceDemo:57 - Quiting Browser....
  